# JRE version: Java(TM) SE Runtime Environment 18.9 (11.0.15+8) (build 11.0.15+8-LTS-149)
# Java VM: Java HotSpot(TM) 64-Bit Server VM 18.9 (11.0.15+8-LTS-149, mixed mode, tiered, compressed oops, g1 gc, windows-amd64)
Heap:
 garbage-first heap   total 65536K, used 47623K [0x00000000c1400000, 0x0000000100000000)
  region size 1024K, 19 young (19456K), 3 survivors (3072K)
 Metaspace       used 39624K, capacity 40649K, committed 40784K, reserved 1085440K
  class space    used 4702K, capacity 5118K, committed 5120K, reserved 1048576K
GC Heap History (10 events):
Event: 16.593 GC heap before
{Heap before GC invocations=5 (full 0):
 garbage-first heap   total 65536K, used 15521K [0x00000000c1400000, 0x0000000100000000)
  region size 1024K, 10 young (10240K), 3 survivors (3072K)
 Metaspace       used 20672K, capacity 21194K, committed 21296K, reserved 1069056K
  class space    used 2181K, capacity 2382K, committed 2432K, reserved 1048576K
}
Event: 16.606 GC heap after
{Heap after GC invocations=6 (full 0):
 garbage-first heap   total 65536K, used 10038K [0x00000000c1400000, 0x0000000100000000)
  region size 1024K, 2 young (2048K), 2 survivors (2048K)
 Metaspace       used 20672K, capacity 21194K, committed 21296K, reserved 1069056K
  class space    used 2181K, capacity 2382K, committed 2432K, reserved 1048576K
}
Event: 20.667 GC heap before
{Heap before GC invocations=7 (full 0):
 garbage-first heap   total 65536K, used 36662K [0x00000000c1400000, 0x0000000100000000)
  region size 1024K, 28 young (28672K), 2 survivors (2048K)
 Metaspace       used 24950K, capacity 25518K, committed 25648K, reserved 1073152K
  class space    used 2681K, capacity 2906K, committed 2944K, reserved 1048576K
}
Event: 20.692 GC heap after
{Heap after GC invocations=8 (full 0):
 garbage-first heap   total 65536K, used 13045K [0x00000000c1400000, 0x0000000100000000)
  region size 1024K, 4 young (4096K), 4 survivors (4096K)
 Metaspace       used 24950K, capacity 25518K, committed 25648K, reserved 1073152K
  class space    used 2681K, capacity 2906K, committed 2944K, reserved 1048576K
}
Event: 28.806 GC heap before
{Heap before GC invocations=8 (full 0):
 garbage-first heap   total 65536K, used 39669K [0x00000000c1400000, 0x0000000100000000)
  region size 1024K, 30 young (30720K), 4 survivors (4096K)
 Metaspace       used 30324K, capacity 31032K, committed 31280K, reserved 1077248K
  class space    used 3404K, capacity 3689K, committed 3712K, reserved 1048576K
}
Event: 28.917 GC heap after
{Heap after GC invocations=9 (full 0):
 garbage-first heap   total 65536K, used 14853K [0x00000000c1400000, 0x0000000100000000)
  region size 1024K, 2 young (2048K), 2 survivors (2048K)
 Metaspace       used 30324K, capacity 31032K, committed 31280K, reserved 1077248K
  class space    used 3404K, capacity 3689K, committed 3712K, reserved 1048576K
}
Event: 44.810 GC heap before
{Heap before GC invocations=9 (full 0):
 garbage-first heap   total 65536K, used 40453K [0x00000000c1400000, 0x0000000100000000)
  region size 1024K, 28 young (28672K), 2 survivors (2048K)
 Metaspace       used 34915K, capacity 35753K, committed 35920K, reserved 1081344K
  class space    used 4031K, capacity 4335K, committed 4352K, reserved 1048576K
}
Event: 44.842 GC heap after
{Heap after GC invocations=10 (full 0):
 garbage-first heap   total 65536K, used 15463K [0x00000000c1400000, 0x0000000100000000)
  region size 1024K, 3 young (3072K), 3 survivors (3072K)
 Metaspace       used 34915K, capacity 35753K, committed 35920K, reserved 1081344K
  class space    used 4031K, capacity 4335K, committed 4352K, reserved 1048576K
}
Event: 101.412 GC heap before
{Heap before GC invocations=11 (full 0):
 garbage-first heap   total 65536K, used 48231K [0x00000000c1400000, 0x0000000100000000)
  region size 1024K, 30 young (30720K), 3 survivors (3072K)
 Metaspace       used 38863K, capacity 39895K, committed 40016K, reserved 1085440K
  class space    used 4628K, capacity 5062K, committed 5120K, reserved 1048576K
}
Event: 101.443 GC heap after
{Heap after GC invocations=12 (full 0):
 garbage-first heap   total 65536K, used 22023K [0x00000000c1400000, 0x0000000100000000)
  region size 1024K, 3 young (3072K), 3 survivors (3072K)
 Metaspace       used 38863K, capacity 39895K, committed 40016K, reserved 1085440K
  class space    used 4628K, capacity 5062K, committed 5120K, reserved 1048576K
}

